0 info it worked if it ends with ok
1 verbose cli [ '/Users/eda/.nvm/versions/node/v6.1.0/bin/node',
1 verbose cli   '/Users/eda/.nvm/versions/node/v6.1.0/bin/npm',
1 verbose cli   'run',
1 verbose cli   'babel' ]
2 info using npm@3.8.6
3 info using node@v6.1.0
4 verbose run-script [ 'prebabel', 'babel', 'postbabel' ]
5 info lifecycle use-strict@1.0.0~prebabel: use-strict@1.0.0
6 silly lifecycle use-strict@1.0.0~prebabel: no script for prebabel, continuing
7 info lifecycle use-strict@1.0.0~babel: use-strict@1.0.0
8 verbose lifecycle use-strict@1.0.0~babel: unsafe-perm in lifecycle true
9 verbose lifecycle use-strict@1.0.0~babel: PATH: /Users/eda/.nvm/versions/node/v6.1.0/lib/node_modules/npm/bin/node-gyp-bin:/Users/eda/EDAwork/use-strict/node_modules/.bin:/Users/eda/.nvm/versions/node/v6.1.0/bin:/Users/eda/.nvm/versions/node/v6.1.0/bin:/usr/local/bin:/usr/bin:/bin:/usr/sbin:/sbin
10 verbose lifecycle use-strict@1.0.0~babel: CWD: /Users/eda/EDAwork/use-strict
11 silly lifecycle use-strict@1.0.0~babel: Args: [ '-c', 'babel-node index.js' ]
12 silly lifecycle use-strict@1.0.0~babel: Returned: code: 1  signal: null
13 info lifecycle use-strict@1.0.0~babel: Failed to exec babel script
14 verbose stack Error: use-strict@1.0.0 babel: `babel-node index.js`
14 verbose stack Exit status 1
14 verbose stack     at EventEmitter.<anonymous> (/Users/eda/.nvm/versions/node/v6.1.0/lib/node_modules/npm/lib/utils/lifecycle.js:239:16)
14 verbose stack     at emitTwo (events.js:106:13)
14 verbose stack     at EventEmitter.emit (events.js:191:7)
14 verbose stack     at ChildProcess.<anonymous> (/Users/eda/.nvm/versions/node/v6.1.0/lib/node_modules/npm/lib/utils/spawn.js:24:14)
14 verbose stack     at emitTwo (events.js:106:13)
14 verbose stack     at ChildProcess.emit (events.js:191:7)
14 verbose stack     at maybeClose (internal/child_process.js:850:16)
14 verbose stack     at Process.ChildProcess._handle.onexit (internal/child_process.js:215:5)
15 verbose pkgid use-strict@1.0.0
16 verbose cwd /Users/eda/EDAwork/use-strict
17 error Darwin 15.4.0
18 error argv "/Users/eda/.nvm/versions/node/v6.1.0/bin/node" "/Users/eda/.nvm/versions/node/v6.1.0/bin/npm" "run" "babel"
19 error node v6.1.0
20 error npm  v3.8.6
21 error code ELIFECYCLE
22 error use-strict@1.0.0 babel: `babel-node index.js`
22 error Exit status 1
23 error Failed at the use-strict@1.0.0 babel script 'babel-node index.js'.
23 error Make sure you have the latest version of node.js and npm installed.
23 error If you do, this is most likely a problem with the use-strict package,
23 error not with npm itself.
23 error Tell the author that this fails on your system:
23 error     babel-node index.js
23 error You can get information on how to open an issue for this project with:
23 error     npm bugs use-strict
23 error Or if that isn't available, you can get their info via:
23 error     npm owner ls use-strict
23 error There is likely additional logging output above.
24 verbose exit [ 1, true ]
